Flow report for HELLO
Sun Oct 05 13:57:17 2014
Quartus II Version 11.0 Build 208 07/03/2011 Service Pack 1 SJ Full Version


---------------------
; Table of Contents ;
---------------------
  1. Legal Notice
  2. Flow Summary
  3. Flow Settings
  4. Flow Non-Default Global Settings
  5. Flow Elapsed Time
  6. Flow OS Summary
  7. Flow Log



----------------
; Legal Notice ;
----------------
Copyright (C) 1991-2011 Altera Corporation
Your use of Altera Corporation's design tools, logic functions 
and other software and tools, and its AMPP partner logic 
functions, and any output files from any of the foregoing 
(including device programming or simulation files), and any 
associated documentation or information are expressly subject 
to the terms and conditions of the Altera Program License 
Subscription Agreement, Altera MegaCore Function License 
Agreement, or other applicable license agreement, including, 
without limitation, that your use is for the sole purpose of 
programming logic devices manufactured by Altera and sold by 
Altera or its authorized distributors.  Please refer to the 
applicable agreement for further details.



+-------------------------------------------------------------------------------------+
; Flow Summary                                                                        ;
+------------------------------------+------------------------------------------------+
; Flow Status                        ; Successful - Sun Oct 05 13:57:09 2014          ;
; Quartus II Version                 ; 11.0 Build 208 07/03/2011 SP 1 SJ Full Version ;
; Revision Name                      ; HELLO                                          ;
; Top-level Entity Name              ; HELLO                                          ;
; Family                             ; Cyclone IV E                                   ;
; Device                             ; EP4CE15F17C8                                   ;
; Timing Models                      ; Final                                          ;
; Total logic elements               ; 3,199 / 15,408 ( 21 % )                        ;
;     Total combinational functions  ; 2,818 / 15,408 ( 18 % )                        ;
;     Dedicated logic registers      ; 1,974 / 15,408 ( 13 % )                        ;
; Total registers                    ; 2042                                           ;
; Total pins                         ; 49 / 166 ( 30 % )                              ;
; Total virtual pins                 ; 0                                              ;
; Total memory bits                  ; 55,680 / 516,096 ( 11 % )                      ;
; Embedded Multiplier 9-bit elements ; 4 / 112 ( 4 % )                                ;
; Total PLLs                         ; 1 / 4 ( 25 % )                                 ;
+------------------------------------+------------------------------------------------+


+-----------------------------------------+
; Flow Settings                           ;
+-------------------+---------------------+
; Option            ; Setting             ;
+-------------------+---------------------+
; Start date & time ; 10/05/2014 13:55:52 ;
; Main task         ; Compilation         ;
; Revision Name     ; HELLO               ;
+-------------------+---------------------+


+------------------------------------------------------------------------------------------------------------------+
; Flow Non-Default Global Settings                                                                                 ;
+-------------------------------------+---------------------------------+---------------+-------------+------------+
; Assignment Name                     ; Value                           ; Default Value ; Entity Name ; Section Id ;
+-------------------------------------+---------------------------------+---------------+-------------+------------+
; COMPILER_SIGNATURE_ID               ; 246914773392678.141248855206148 ; --            ; --          ; --         ;
; IP_TOOL_NAME                        ; ALTPLL                          ; --            ; --          ; --         ;
; IP_TOOL_VERSION                     ; 11.0                            ; --            ; --          ; --         ;
; MAX_CORE_JUNCTION_TEMP              ; 85                              ; --            ; --          ; --         ;
; MIN_CORE_JUNCTION_TEMP              ; 0                               ; --            ; --          ; --         ;
; MISC_FILE                           ; PLL.bsf                         ; --            ; --          ; --         ;
; MISC_FILE                           ; PLL_bb.v                        ; --            ; --          ; --         ;
; MISC_FILE                           ; PLL.ppf                         ; --            ; --          ; --         ;
; OUTPUT_IO_TIMING_FAR_END_VMEAS      ; Half Signal Swing               ; --            ; --          ; --         ;
; OUTPUT_IO_TIMING_FAR_END_VMEAS      ; Half Signal Swing               ; --            ; --          ; --         ;
; OUTPUT_IO_TIMING_NEAR_END_VMEAS     ; Half Vccio                      ; --            ; --          ; --         ;
; OUTPUT_IO_TIMING_NEAR_END_VMEAS     ; Half Vccio                      ; --            ; --          ; --         ;
; PARTITION_COLOR                     ; 16764057                        ; --            ; --          ; Top        ;
; PARTITION_FITTER_PRESERVATION_LEVEL ; PLACEMENT_AND_ROUTING           ; --            ; --          ; Top        ;
; PARTITION_NETLIST_TYPE              ; SOURCE                          ; --            ; --          ; Top        ;
; SOPC_BUILDER_SIGNATURE_ID           ; E091535b9d2600000148ded0568f    ; --            ; --          ; --         ;
+-------------------------------------+---------------------------------+---------------+-------------+------------+


+-------------------------------------------------------------------------------------------------------------------------------+
; Flow Elapsed Time                                                                                                             ;
+---------------------------+--------------+-------------------------+---------------------+------------------------------------+
; Module Name               ; Elapsed Time ; Average Processors Used ; Peak Virtual Memory ; Total CPU Time (on all processors) ;
+---------------------------+--------------+-------------------------+---------------------+------------------------------------+
; Analysis & Synthesis      ; 00:00:35     ; 1.0                     ; 305 MB              ; 00:00:32                           ;
; Fitter                    ; 00:00:28     ; 1.3                     ; 367 MB              ; 00:00:25                           ;
; Assembler                 ; 00:00:04     ; 1.0                     ; 241 MB              ; 00:00:03                           ;
; TimeQuest Timing Analyzer ; 00:00:14     ; 1.1                     ; 286 MB              ; 00:00:10                           ;
; Total                     ; 00:01:21     ; --                      ; --                  ; 00:01:10                           ;
+---------------------------+--------------+-------------------------+---------------------+------------------------------------+


+-----------------------------------------------------------------------------------------+
; Flow OS Summary                                                                         ;
+---------------------------+------------------+------------+------------+----------------+
; Module Name               ; Machine Hostname ; OS Name    ; OS Version ; Processor type ;
+---------------------------+------------------+------------+------------+----------------+
; Analysis & Synthesis      ; ASUS-F350KD      ; Windows XP ; 5.1        ; i686           ;
; Fitter                    ; ASUS-F350KD      ; Windows XP ; 5.1        ; i686           ;
; Assembler                 ; ASUS-F350KD      ; Windows XP ; 5.1        ; i686           ;
; TimeQuest Timing Analyzer ; ASUS-F350KD      ; Windows XP ; 5.1        ; i686           ;
+---------------------------+------------------+------------+------------+----------------+


------------
; Flow Log ;
------------
quartus_map --read_settings_files=on --write_settings_files=off HELLO -c HELLO
quartus_fit --read_settings_files=off --write_settings_files=off HELLO -c HELLO
quartus_asm --read_settings_files=off --write_settings_files=off HELLO -c HELLO
quartus_sta HELLO -c HELLO



